生成启动时间为 2018/7/20 10:23:49。
     1>项目“D:\桌面\最终版4.0\ConsoleApplication11\ConsoleApplication11.vcxproj”在节点 2 上(Build 个目标)。
     1>ClCompile:
         H:\新建文件夹\VC\bin\CL.exe /c /ZI /nologo /W3 /WX- /Od /Oy- /D WIN32 /D _DEBUG /D _CONSOLE /D _LIB /D _UNICODE /D UNICODE /Gm /EHsc /RTC1 /MDd /GS /fp:precise /Zc:wchar_t /Zc:forScope /Fo"Debug\\" /Fd"Debug\vc120.pdb" /Gd /TP /analyze- /errorReport:prompt "源.cpp"
         源.cpp
     1>d:\桌面\最终版4.0\consoleapplication11\源.cpp(9): warning C4081: 应输入“)”；找到“.”
     1>d:\桌面\最终版4.0\consoleapplication11\源.cpp(11): warning C4005: “N”: 宏重定义
                 d:\桌面\最终版4.0\consoleapplication11\astar.h(2) : 参见“N”的前一个定义
     1>d:\桌面\最终版4.0\consoleapplication11\源.cpp(175): warning C4996: 'kbhit': The POSIX name for this item is deprecated. Instead, use the ISO C++ conformant name: _kbhit. See online help for details.
                 h:\新建文件夹\vc\include\conio.h(133) : 参见“kbhit”的声明
     1>d:\桌面\最终版4.0\consoleapplication11\源.cpp(200): warning C4996: 'getch': The POSIX name for this item is deprecated. Instead, use the ISO C++ conformant name: _getch. See online help for details.
                 h:\新建文件夹\vc\include\conio.h(131) : 参见“getch”的声明
     1>d:\桌面\最终版4.0\consoleapplication11\源.cpp(327): warning C4996: 'kbhit': The POSIX name for this item is deprecated. Instead, use the ISO C++ conformant name: _kbhit. See online help for details.
                 h:\新建文件夹\vc\include\conio.h(133) : 参见“kbhit”的声明
     1>d:\桌面\最终版4.0\consoleapplication11\源.cpp(342): warning C4996: 'getch': The POSIX name for this item is deprecated. Instead, use the ISO C++ conformant name: _getch. See online help for details.
                 h:\新建文件夹\vc\include\conio.h(131) : 参见“getch”的声明
     1>d:\桌面\最终版4.0\consoleapplication11\源.cpp(636): warning C4996: 'kbhit': The POSIX name for this item is deprecated. Instead, use the ISO C++ conformant name: _kbhit. See online help for details.
                 h:\新建文件夹\vc\include\conio.h(133) : 参见“kbhit”的声明
     1>d:\桌面\最终版4.0\consoleapplication11\源.cpp(638): warning C4996: 'getch': The POSIX name for this item is deprecated. Instead, use the ISO C++ conformant name: _getch. See online help for details.
                 h:\新建文件夹\vc\include\conio.h(131) : 参见“getch”的声明
     1>d:\桌面\最终版4.0\consoleapplication11\源.cpp(989): warning C4996: 'kbhit': The POSIX name for this item is deprecated. Instead, use the ISO C++ conformant name: _kbhit. See online help for details.
                 h:\新建文件夹\vc\include\conio.h(133) : 参见“kbhit”的声明
     1>d:\桌面\最终版4.0\consoleapplication11\源.cpp(991): warning C4996: 'getch': The POSIX name for this item is deprecated. Instead, use the ISO C++ conformant name: _getch. See online help for details.
                 h:\新建文件夹\vc\include\conio.h(131) : 参见“getch”的声明
     1>d:\桌面\最终版4.0\consoleapplication11\源.cpp(1156): warning C4996: 'kbhit': The POSIX name for this item is deprecated. Instead, use the ISO C++ conformant name: _kbhit. See online help for details.
                 h:\新建文件夹\vc\include\conio.h(133) : 参见“kbhit”的声明
     1>d:\桌面\最终版4.0\consoleapplication11\源.cpp(1166): warning C4996: 'getch': The POSIX name for this item is deprecated. Instead, use the ISO C++ conformant name: _getch. See online help for details.
                 h:\新建文件夹\vc\include\conio.h(131) : 参见“getch”的声明
       Link:
         H:\新建文件夹\VC\bin\link.exe /ERRORREPORT:PROMPT /OUT:"D:\桌面\最终版4.0\Debug\ConsoleApplication11.exe" /INCREMENTAL /NOLOGO kernel32.lib user32.lib gdi32.lib winspool.lib comdlg32.lib advapi32.lib shell32.lib ole32.lib oleaut32.lib uuid.lib odbc32.lib odbccp32.lib /MANIFEST /MANIFESTUAC:"level='asInvoker' uiAccess='false'" /manifest:embed /DEBUG /PDB:"D:\桌面\最终版4.0\Debug\ConsoleApplication11.pdb" /SUBSYSTEM:CONSOLE /TLBID:1 /DYNAMICBASE /NXCOMPAT /IMPLIB:"D:\桌面\最终版4.0\Debug\ConsoleApplication11.lib" /MACHINE:X86 "Debug\源.obj"
         ConsoleApplication11.vcxproj -> D:\桌面\最终版4.0\Debug\ConsoleApplication11.exe
     1>已完成生成项目“D:\桌面\最终版4.0\ConsoleApplication11\ConsoleApplication11.vcxproj”(Build 个目标)的操作。

生成成功。

已用时间 00:00:01.07
